about_page
actions
add_me_to_recipients
add_recipient
admin_page
advanced_settings
anonymous
anonymous_details
api_secret_delete
api_secret_recreate
auditlog
available_transfers
average_speed
av_results_description
can_only_send_to_me
change_password
clear_all
clear_client_logs
clear_frequent_recipients
clear_user_transfer_preferences
closed_transfers
collection
configuration
created
date
date_format
delete
delete_my_account
description
disable_terasender
does_not_expire
download
download_disclamer
download_disclamer_nocrypto_message
download_file
download_link
download_page
downloads
dp_date_format_hint
drag_and_drop
email_daily_statistics
email_download_complete
email_me_copies
email_me_on_expire
email_report_on_closing
email_separator_msg
email_upload_complete
email_upload_page_access
email_upload_started
enable_recipient_email_download_complete
enable_recipient_email_download_complete_warning
encryption
encryption_password_container_can_have_text_only_min_password_length_message
enter_to_email
estimated_completion
expand_all
expires
expiry_date
export_client_logs
extend_expires
file_encryption
file_encryption_description
file_encryption_description_disabled
file_encryption_disabled
file_encryption_generate_password
file_encryption_password
file_encryption_password_must_have_numbers
file_encryption_password_must_have_special_characters
file_encryption_password_must_have_upper_and_lower_case
file_encryption_password_too_short
file_encryption_show_password
files
from
generate_a_different_password
get_a_link
guest
guest_options
guests
guests_page
guests_transfers
guest_transfer_options
help_page
hide_details
logoff
message
message_can_not_contain_urls
must_be_logged_in_to_download
no
no_av_scans_performed
no_guests
noscript
number_of_files
open_auditlog
open_file_auditlog
open_recipient_auditlog
optional
options
pager_has_no_more
pager_more
password
password_can_not_be_part_of_message_error
password_can_not_be_part_of_message_warning
pause
privacy_page
profile_page_text_linking_to_admin_page
profile_page_text_linking_to_privacy_page
python_cli_client_setup_information
recipients
recipients_notifications_language
reconnect_and_continue
redirect_url_on_complete
restart
resume
see_all
select_directory
select_file
select_files
send
send_client_logs
send_new_voucher
send_reminder
send_voucher
show_details
site_footer
size
size_unit
statistics_page
stop
subject
terasender_worker_count
to
transfer_expired
transfer_id
transfer_information
transfers_page
uploaded
upload_log_header
upload_page
user_additional
user_additional_body
user_auth_secret
user_created
user_id
user_lang
user_page
user_preferences
user_preferences_body
user_profile_delete_about_description_text
user_profile_send_client_logs_description_text
user_remote_authentication
user_remote_authentication_body
use_streamsaver_for_download
valid_only_one_time
value
with_identity
yes
