      "av_results_description",
      "created",
      "date_format",
      "download",
      "download_disclamer",
      "download_disclamer_nocrypto_message",
      "download_file",
      "download_page",
      "expires",
      "file_encryption_disabled",
      "from",
      "no_av_scans_performed",
      "noscript",
      "site_footer",
      "size",
      "size_unit",
      "use_streamsaver_for_download",
      "user_lang"
      "about_page",
      "actions",
      "add_me_to_recipients",
      "add_recipient",
      "admin_page",
      "advanced_settings",
      "anonymous",
      "anonymous_details",
      "auditlog",
      "can_only_send_to_me",
      "created",
      "date_format",
      "delete",
      "description",
      "does_not_expire",
      "download_link",
      "downloads",
      "dp_date_format_hint",
      "email_daily_statistics",
      "email_download_complete",
      "email_me_copies",
      "email_me_on_expire",
      "email_report_on_closing",
      "email_separator_msg",
      "email_upload_complete",
      "email_upload_page_access",
      "email_upload_started",
      "enable_recipient_email_download_complete",
      "enter_to_email",
      "expand_all",
      "expires",
      "expiry_date",
      "extend_expires",
      "file_encryption_disabled",
      "files",
      "from",
      "get_a_link",
      "guest",
      "guest_options",
      "guest_transfer_options",
      "guests",
      "guests_page",
      "guests_transfers",
      "help_page",
      "hide_details",
      "logoff",
      "message",
      "message_can_not_contain_urls",
      "must_be_logged_in_to_download",
      "no_guests",
      "noscript",
      "open_auditlog",
      "open_file_auditlog",
      "open_recipient_auditlog",
      "optional",
      "options",
      "pager_has_no_more",
      "privacy_page",
      "recipients",
      "see_all",
      "send_new_voucher",
      "send_reminder",
      "send_voucher",
      "show_details",
      "site_footer",
      "size",
      "size_unit",
      "statistics_page",
      "subject",
      "to",
      "transfer_expired",
      "transfer_id",
      "transfer_information",
      "transfers_page",
      "upload_page",
      "user_lang",
      "user_page",
      "valid_only_one_time",
      "value",
      "with_identity",
      "yes",
      "yes"
      "about_page",
      "actions",
      "admin_page",
      "api_secret_delete",
      "api_secret_recreate",
      "change_password",
      "clear_client_logs",
      "clear_frequent_recipients",
      "clear_user_transfer_preferences",
      "configuration",
      "date_format",
      "delete_my_account",
      "download",
      "export_client_logs",
      "guests_page",
      "help_page",
      "logoff",
      "noscript",
      "password",
      "privacy_page",
      "profile_page_text_linking_to_admin_page",
      "profile_page_text_linking_to_privacy_page",
      "python_cli_client_setup_information",
      "send_client_logs",
      "site_footer",
      "statistics_page",
      "transfers_page",
      "upload_page",
      "user_additional",
      "user_additional_body",
      "user_auth_secret",
      "user_created",
      "user_id",
      "user_lang",
      "user_page",
      "user_preferences",
      "user_preferences_body",
      "user_profile_delete_about_description_text",
      "user_profile_send_client_logs_description_text",
      "user_remote_authentication",
      "user_remote_authentication_body"
      "about_page",
      "actions",
      "add_recipient",
      "admin_page",
      "anonymous",
      "anonymous_details",
      "auditlog",
      "available_transfers",
      "closed_transfers",
      "collection",
      "created",
      "date_format",
      "delete",
      "description",
      "download",
      "download_link",
      "downloads",
      "email_download_complete",
      "email_me_on_expire",
      "email_report_on_closing",
      "encryption",
      "expand_all",
      "expires",
      "extend_expires",
      "file_encryption",
      "file_encryption_disabled",
      "files",
      "get_a_link",
      "guests_page",
      "help_page",
      "hide_details",
      "logoff",
      "message",
      "no",
      "noscript",
      "open_auditlog",
      "open_file_auditlog",
      "open_recipient_auditlog",
      "options",
      "pager_more",
      "privacy_page",
      "recipients",
      "see_all",
      "send_reminder",
      "show_details",
      "site_footer",
      "size",
      "size_unit",
      "statistics_page",
      "subject",
      "transfer_expired",
      "transfer_id",
      "transfer_information",
      "transfers_page",
      "upload_page",
      "user_lang",
      "user_page",
      "value",
      "with_identity",
      "yes",
      "yes"
      "about_page",
      "add_me_to_recipients",
      "admin_page",
      "advanced_settings",
      "average_speed",
      "clear_all",
      "date",
      "disable_terasender",
      "dp_date_format_hint",
      "drag_and_drop",
      "email_daily_statistics",
      "email_download_complete",
      "email_me_copies",
      "email_me_on_expire",
      "email_report_on_closing",
      "email_separator_msg",
      "email_upload_complete",
      "enable_recipient_email_download_complete",
      "enable_recipient_email_download_complete_warning",
      "encryption_password_container_can_have_text_only_min_password_length_message",
      "enter_to_email",
      "estimated_completion",
      "expiry_date",
      "file_encryption",
      "file_encryption_description",
      "file_encryption_description_disabled",
      "file_encryption_generate_password",
      "file_encryption_password",
      "file_encryption_password_must_have_numbers",
      "file_encryption_password_must_have_special_characters",
      "file_encryption_password_must_have_upper_and_lower_case",
      "file_encryption_password_too_short",
      "file_encryption_show_password",
      "from",
      "generate_a_different_password",
      "get_a_link",
      "guests_page",
      "help_page",
      "logoff",
      "message",
      "message_can_not_contain_urls",
      "must_be_logged_in_to_download",
      "noscript",
      "number_of_files",
      "optional",
      "password_can_not_be_part_of_message_error",
      "password_can_not_be_part_of_message_warning",
      "pause",
      "privacy_page",
      "recipients_notifications_language",
      "reconnect_and_continue",
      "redirect_url_on_complete",
      "restart",
      "resume",
      "select_directory",
      "select_file",
      "select_files",
      "send",
      "site_footer",
      "size",
      "statistics_page",
      "stop",
      "subject",
      "terasender_worker_count",
      "to",
      "transfers_page",
      "upload_log_header",
      "upload_page",
      "uploaded",
      "user_lang",
      "user_page"
