      "about_page",
      "actions",
      "add_me_to_recipients",
      "add_recipient",
      "admin_page",
      "advanced_settings",
      "anonymous",
      "anonymous_details",
      "auditlog",
      "can_only_send_to_me",
      "created",
      "date_format",
      "delete",
      "description",
      "does_not_expire",
      "download_link",
      "downloads",
      "dp_date_format_hint",
      "email_daily_statistics",
      "email_download_complete",
      "email_me_copies",
      "email_me_on_expire",
      "email_report_on_closing",
      "email_separator_msg",
      "email_upload_complete",
      "email_upload_page_access",
      "email_upload_started",
      "enable_recipient_email_download_complete",
      "enter_to_email",
      "expand_all",
      "expires",
      "expiry_date",
      "extend_expires",
      "file_encryption_disabled",
      "files",
      "from",
      "get_a_link",
      "guest",
      "guest_options",
      "guest_transfer_options",
      "guests",
      "guests_page",
      "guests_transfers",
      "help_page",
      "hide_details",
      "logoff",
      "message",
      "message_can_not_contain_urls",
      "must_be_logged_in_to_download",
      "no_guests",
      "noscript",
      "open_auditlog",
      "open_file_auditlog",
      "open_recipient_auditlog",
      "optional",
      "options",
      "pager_has_no_more",
      "privacy_page",
      "recipients",
      "see_all",
      "send_new_voucher",
      "send_reminder",
      "send_voucher",
      "show_details",
      "site_footer",
      "size",
      "size_unit",
      "statistics_page",
      "subject",
      "to",
      "transfer_expired",
      "transfer_id",
      "transfer_information",
      "transfers_page",
      "upload_page",
      "user_lang",
      "user_page",
      "valid_only_one_time",
      "value",
      "with_identity",
      "yes",
      "yes"
