      "about_page",
      "actions",
      "admin_page",
      "api_secret_delete",
      "api_secret_recreate",
      "change_password",
      "clear_client_logs",
      "clear_frequent_recipients",
      "clear_user_transfer_preferences",
      "configuration",
      "date_format",
      "delete_my_account",
      "download",
      "export_client_logs",
      "guests_page",
      "help_page",
      "logoff",
      "noscript",
      "password",
      "privacy_page",
      "profile_page_text_linking_to_admin_page",
      "profile_page_text_linking_to_privacy_page",
      "python_cli_client_setup_information",
      "send_client_logs",
      "site_footer",
      "statistics_page",
      "transfers_page",
      "upload_page",
      "user_additional",
      "user_additional_body",
      "user_auth_secret",
      "user_created",
      "user_id",
      "user_lang",
      "user_page",
      "user_preferences",
      "user_preferences_body",
      "user_profile_delete_about_description_text",
      "user_profile_send_client_logs_description_text",
      "user_remote_authentication",
      "user_remote_authentication_body"
