      "about_page",
      "actions",
      "add_recipient",
      "admin_page",
      "anonymous",
      "anonymous_details",
      "auditlog",
      "available_transfers",
      "closed_transfers",
      "collection",
      "created",
      "date_format",
      "delete",
      "description",
      "download",
      "download_link",
      "downloads",
      "email_download_complete",
      "email_me_on_expire",
      "email_report_on_closing",
      "encryption",
      "expand_all",
      "expires",
      "extend_expires",
      "file_encryption",
      "file_encryption_disabled",
      "files",
      "get_a_link",
      "guests_page",
      "help_page",
      "hide_details",
      "logoff",
      "message",
      "no",
      "noscript",
      "open_auditlog",
      "open_file_auditlog",
      "open_recipient_auditlog",
      "options",
      "pager_more",
      "privacy_page",
      "recipients",
      "see_all",
      "send_reminder",
      "show_details",
      "site_footer",
      "size",
      "size_unit",
      "statistics_page",
      "subject",
      "transfer_expired",
      "transfer_id",
      "transfer_information",
      "transfers_page",
      "upload_page",
      "user_lang",
      "user_page",
      "value",
      "with_identity",
      "yes",
      "yes"
