      "about_page",
      "add_me_to_recipients",
      "admin_page",
      "advanced_settings",
      "average_speed",
      "clear_all",
      "date",
      "disable_terasender",
      "dp_date_format_hint",
      "drag_and_drop",
      "email_daily_statistics",
      "email_download_complete",
      "email_me_copies",
      "email_me_on_expire",
      "email_report_on_closing",
      "email_separator_msg",
      "email_upload_complete",
      "enable_recipient_email_download_complete",
      "enable_recipient_email_download_complete_warning",
      "encryption_password_container_can_have_text_only_min_password_length_message",
      "enter_to_email",
      "estimated_completion",
      "expiry_date",
      "file_encryption",
      "file_encryption_description",
      "file_encryption_description_disabled",
      "file_encryption_generate_password",
      "file_encryption_password",
      "file_encryption_password_must_have_numbers",
      "file_encryption_password_must_have_special_characters",
      "file_encryption_password_must_have_upper_and_lower_case",
      "file_encryption_password_too_short",
      "file_encryption_show_password",
      "from",
      "generate_a_different_password",
      "get_a_link",
      "guests_page",
      "help_page",
      "logoff",
      "message",
      "message_can_not_contain_urls",
      "must_be_logged_in_to_download",
      "noscript",
      "number_of_files",
      "optional",
      "password_can_not_be_part_of_message_error",
      "password_can_not_be_part_of_message_warning",
      "pause",
      "privacy_page",
      "recipients_notifications_language",
      "reconnect_and_continue",
      "redirect_url_on_complete",
      "restart",
      "resume",
      "select_directory",
      "select_file",
      "select_files",
      "send",
      "site_footer",
      "size",
      "statistics_page",
      "stop",
      "subject",
      "terasender_worker_count",
      "to",
      "transfers_page",
      "upload_log_header",
      "upload_page",
      "uploaded",
      "user_lang",
      "user_page"
