about_page
actions
add_recipient
admin_page
anonymous
anonymous_details
archive_download
archive_message
auditlog
available_transfers
av_results_description
closed_transfers
created
date_format
delete
description
download
download_disclamer
download_disclamer_archive
download_disclamer_crypto_message
download_disclamer_nocrypto_message
download_file
download_link
download_page
downloads
email_download_complete
email_me_on_expire
email_report_on_closing
encryption
expand_all
expires
extend_expires
file_encryption
file_encryption_disabled
files
from
get_a_link
guests_page
help_page
hide_details
logoff
mac_archive_message
me
message
no
no_av_scans_performed
noscript
open_auditlog
open_file_auditlog
open_recipient_auditlog
options
pager_has_no_more
pgp_encrypt_passphrase_to_email
privacy_page
recipients
see_all
select_all_for_archive_download
select_for_archive_download
send_reminder
show_details
site_footer
size
size_unit
statistics_page
subject
transfer_expired
transfer_id
transfer_id_short
transfer_information
transfers_page
upload_page
user_page
use_streamsaver_for_download
value
with_identity
yes
yes
