about_page
add_me_to_recipients
admin_page
advanced_settings
can_only_send_to_me
current_guest
does_not_expire
dp_date_format_hint
email_daily_statistics
email_download_complete
email_me_copies
email_me_on_expire
email_report_on_closing
email_separator_msg
email_upload_complete
email_upload_page_access
email_upload_started
enable_recipient_email_download_complete
enter_to_email
expiry_date
from
get_a_link
guest_options
guests_page
guest_transfer_options
help_page
invite_guest
logoff
message
message_can_not_contain_urls
must_be_logged_in_to_download
noscript
optional
privacy_page
send_new_voucher
send_voucher
site_footer
statistics_page
subject
to
transfers_guest
transfers_page
upload_page
user_page
valid_only_one_time
